2021-02-20 18:35:05,167-INFO-Process Start.
2021-02-20 18:35:05,168-INFO-New directory created at: ./labs\lab4\GAN_YI_HUI__
2021-02-20 18:35:05,169-INFO-38362-55331 - GAN YI HUI _ - Feb 16, 2021 1112 PM - IS111 Lab Exercise 04 - G1 - Q1.1 - Gan Yi Hui.py was moved to ./labs\lab4\GAN_YI_HUI__\38362-55331 - GAN YI HUI _ - Feb 16, 2021 1112 PM - IS111 Lab Exercise 04 - G1 - Q1.1 - Gan Yi Hui.py
2021-02-20 18:35:05,180-INFO-38362-55331 - GAN YI HUI _ - Feb 16, 2021 1112 PM - IS111 Lab Exercise 04 - G1 - Q1.2 - Gan Yi Hui.py was moved to ./labs\lab4\GAN_YI_HUI__\38362-55331 - GAN YI HUI _ - Feb 16, 2021 1112 PM - IS111 Lab Exercise 04 - G1 - Q1.2 - Gan Yi Hui.py
2021-02-20 18:35:05,181-INFO-38362-55331 - GAN YI HUI _ - Feb 16, 2021 1112 PM - IS111 Lab Exercise 04 - G1 - Q2.1 - Gan Yi Hui.py was moved to ./labs\lab4\GAN_YI_HUI__\38362-55331 - GAN YI HUI _ - Feb 16, 2021 1112 PM - IS111 Lab Exercise 04 - G1 - Q2.1 - Gan Yi Hui.py
2021-02-20 18:35:05,182-INFO-38362-55331 - GAN YI HUI _ - Feb 16, 2021 1112 PM - IS111 Lab Exercise 04 - G1 - Q2.2 - Gan Yi Hui.py was moved to ./labs\lab4\GAN_YI_HUI__\38362-55331 - GAN YI HUI _ - Feb 16, 2021 1112 PM - IS111 Lab Exercise 04 - G1 - Q2.2 - Gan Yi Hui.py
2021-02-20 18:35:05,183-INFO-38362-55331 - GAN YI HUI _ - Feb 16, 2021 1112 PM - IS111 Lab Exercise 04 - G1 - Q3.1 - Gan Yi Hui.py was moved to ./labs\lab4\GAN_YI_HUI__\38362-55331 - GAN YI HUI _ - Feb 16, 2021 1112 PM - IS111 Lab Exercise 04 - G1 - Q3.1 - Gan Yi Hui.py
2021-02-20 18:35:05,183-INFO-New directory created at: ./labs\lab4\BRYAN_MATTHEW_ANTONIUS__
2021-02-20 18:35:05,184-INFO-51820-55331 - BRYAN MATTHEW ANTONIUS _ - Feb 7, 2021 735 PM - q2.1.py was moved to ./labs\lab4\BRYAN_MATTHEW_ANTONIUS__\51820-55331 - BRYAN MATTHEW ANTONIUS _ - Feb 7, 2021 735 PM - q2.1.py
2021-02-20 18:35:05,185-INFO-51820-55331 - BRYAN MATTHEW ANTONIUS _ - Feb 7, 2021 735 PM - q2.2.py was moved to ./labs\lab4\BRYAN_MATTHEW_ANTONIUS__\51820-55331 - BRYAN MATTHEW ANTONIUS _ - Feb 7, 2021 735 PM - q2.2.py
2021-02-20 18:35:05,186-INFO-51820-55331 - BRYAN MATTHEW ANTONIUS _ - Feb 7, 2021 735 PM - q3.1.py was moved to ./labs\lab4\BRYAN_MATTHEW_ANTONIUS__\51820-55331 - BRYAN MATTHEW ANTONIUS _ - Feb 7, 2021 735 PM - q3.1.py
2021-02-20 18:35:05,186-INFO-New directory created at: ./labs\lab4\ASTON_KOH_ZHEN_YANG__
2021-02-20 18:35:05,187-INFO-43989-55331 - ASTON KOH ZHEN YANG _ - Feb 9, 2021 317 PM - Homework4 2_1.py was moved to ./labs\lab4\ASTON_KOH_ZHEN_YANG__\43989-55331 - ASTON KOH ZHEN YANG _ - Feb 9, 2021 317 PM - Homework4 2_1.py
2021-02-20 18:35:05,188-INFO-43989-55331 - ASTON KOH ZHEN YANG _ - Feb 9, 2021 317 PM - Homework4 2_2.py was moved to ./labs\lab4\ASTON_KOH_ZHEN_YANG__\43989-55331 - ASTON KOH ZHEN YANG _ - Feb 9, 2021 317 PM - Homework4 2_2.py
2021-02-20 18:35:05,189-INFO-43989-55331 - ASTON KOH ZHEN YANG _ - Feb 9, 2021 317 PM - Homework4 3_1.py was moved to ./labs\lab4\ASTON_KOH_ZHEN_YANG__\43989-55331 - ASTON KOH ZHEN YANG _ - Feb 9, 2021 317 PM - Homework4 3_1.py
2021-02-20 18:35:05,189-INFO-New directory created at: ./labs\lab4\HENG_SI_KAI__
2021-02-20 18:35:05,190-INFO-59519-55331 - HENG SI KAI _ - Feb 8, 2021 414 PM - LE4Q2.1.py was moved to ./labs\lab4\HENG_SI_KAI__\59519-55331 - HENG SI KAI _ - Feb 8, 2021 414 PM - LE4Q2.1.py
2021-02-20 18:35:05,191-INFO-59519-55331 - HENG SI KAI _ - Feb 8, 2021 414 PM - LE4Q2.2.py was moved to ./labs\lab4\HENG_SI_KAI__\59519-55331 - HENG SI KAI _ - Feb 8, 2021 414 PM - LE4Q2.2.py
2021-02-20 18:35:05,192-INFO-59519-55331 - HENG SI KAI _ - Feb 8, 2021 414 PM - LE4Q3.1.py was moved to ./labs\lab4\HENG_SI_KAI__\59519-55331 - HENG SI KAI _ - Feb 8, 2021 414 PM - LE4Q3.1.py
2021-02-20 18:35:05,192-INFO-New directory created at: ./labs\lab4\ANDREW_CAI_ZECHEN__
2021-02-20 18:35:05,193-INFO-53077-55331 - ANDREW CAI ZECHEN _ - Feb 5, 2021 1041 PM - lab 2.1.py was moved to ./labs\lab4\ANDREW_CAI_ZECHEN__\53077-55331 - ANDREW CAI ZECHEN _ - Feb 5, 2021 1041 PM - lab 2.1.py
2021-02-20 18:35:05,194-INFO-53077-55331 - ANDREW CAI ZECHEN _ - Feb 5, 2021 1041 PM - lab 2.2 try.py was moved to ./labs\lab4\ANDREW_CAI_ZECHEN__\53077-55331 - ANDREW CAI ZECHEN _ - Feb 5, 2021 1041 PM - lab 2.2 try.py
2021-02-20 18:35:05,195-INFO-53077-55331 - ANDREW CAI ZECHEN _ - Feb 5, 2021 1041 PM - lab 3.1.py was moved to ./labs\lab4\ANDREW_CAI_ZECHEN__\53077-55331 - ANDREW CAI ZECHEN _ - Feb 5, 2021 1041 PM - lab 3.1.py
2021-02-20 18:35:05,195-INFO-New directory created at: ./labs\lab4\CHEN_HSUAN_JU__
2021-02-20 18:35:05,196-INFO-45355-55331 - CHEN HSUAN JU _ - Feb 10, 2021 1031 AM - lab 4_Q2.2.py was moved to ./labs\lab4\CHEN_HSUAN_JU__\45355-55331 - CHEN HSUAN JU _ - Feb 10, 2021 1031 AM - lab 4_Q2.2.py
2021-02-20 18:35:05,197-INFO-45355-55331 - CHEN HSUAN JU _ - Feb 7, 2021 744 PM - lab 4_Q1.1.py was moved to ./labs\lab4\CHEN_HSUAN_JU__\45355-55331 - CHEN HSUAN JU _ - Feb 7, 2021 744 PM - lab 4_Q1.1.py
2021-02-20 18:35:05,198-INFO-45355-55331 - CHEN HSUAN JU _ - Feb 7, 2021 744 PM - lab 4_Q1.2.py was moved to ./labs\lab4\CHEN_HSUAN_JU__\45355-55331 - CHEN HSUAN JU _ - Feb 7, 2021 744 PM - lab 4_Q1.2.py
2021-02-20 18:35:05,199-INFO-45355-55331 - CHEN HSUAN JU _ - Feb 7, 2021 744 PM - lab 4_Q1.3.py was moved to ./labs\lab4\CHEN_HSUAN_JU__\45355-55331 - CHEN HSUAN JU _ - Feb 7, 2021 744 PM - lab 4_Q1.3.py
2021-02-20 18:35:05,199-INFO-45355-55331 - CHEN HSUAN JU _ - Feb 7, 2021 744 PM - lab 4_Q2.1.py was moved to ./labs\lab4\CHEN_HSUAN_JU__\45355-55331 - CHEN HSUAN JU _ - Feb 7, 2021 744 PM - lab 4_Q2.1.py
2021-02-20 18:35:05,200-INFO-New directory created at: ./labs\lab4\KOO_JING_YONG__
2021-02-20 18:35:05,201-INFO-39936-55331 - KOO JING YONG _ - Feb 8, 2021 927 PM - Lab4qn1.py was moved to ./labs\lab4\KOO_JING_YONG__\39936-55331 - KOO JING YONG _ - Feb 8, 2021 927 PM - Lab4qn1.py
2021-02-20 18:35:05,201-INFO-39936-55331 - KOO JING YONG _ - Feb 8, 2021 927 PM - Lab4qn2.1.py was moved to ./labs\lab4\KOO_JING_YONG__\39936-55331 - KOO JING YONG _ - Feb 8, 2021 927 PM - Lab4qn2.1.py
2021-02-20 18:35:05,202-INFO-39936-55331 - KOO JING YONG _ - Feb 8, 2021 927 PM - Lab4qn2.2.py was moved to ./labs\lab4\KOO_JING_YONG__\39936-55331 - KOO JING YONG _ - Feb 8, 2021 927 PM - Lab4qn2.2.py
2021-02-20 18:35:05,203-INFO-39936-55331 - KOO JING YONG _ - Feb 8, 2021 927 PM - Lab4qn3.1.py was moved to ./labs\lab4\KOO_JING_YONG__\39936-55331 - KOO JING YONG _ - Feb 8, 2021 927 PM - Lab4qn3.1.py
2021-02-20 18:35:05,203-INFO-New directory created at: ./labs\lab4\DYLAN_DAVIDSON_WANG_YI_RONG__
2021-02-20 18:35:05,204-INFO-39696-55331 - DYLAN DAVIDSON WANG YI RONG _ - Feb 9, 2021 1134 AM - email.py was moved to ./labs\lab4\DYLAN_DAVIDSON_WANG_YI_RONG__\39696-55331 - DYLAN DAVIDSON WANG YI RONG _ - Feb 9, 2021 1134 AM - email.py
2021-02-20 18:35:05,205-INFO-39696-55331 - DYLAN DAVIDSON WANG YI RONG _ - Feb 9, 2021 1134 AM - hur.py was moved to ./labs\lab4\DYLAN_DAVIDSON_WANG_YI_RONG__\39696-55331 - DYLAN DAVIDSON WANG YI RONG _ - Feb 9, 2021 1134 AM - hur.py
2021-02-20 18:35:05,206-INFO-39696-55331 - DYLAN DAVIDSON WANG YI RONG _ - Feb 9, 2021 1134 AM - ippt 2.1.py was moved to ./labs\lab4\DYLAN_DAVIDSON_WANG_YI_RONG__\39696-55331 - DYLAN DAVIDSON WANG YI RONG _ - Feb 9, 2021 1134 AM - ippt 2.1.py
2021-02-20 18:35:05,207-INFO-39696-55331 - DYLAN DAVIDSON WANG YI RONG _ - Feb 9, 2021 1134 AM - quad.py was moved to ./labs\lab4\DYLAN_DAVIDSON_WANG_YI_RONG__\39696-55331 - DYLAN DAVIDSON WANG YI RONG _ - Feb 9, 2021 1134 AM - quad.py
2021-02-20 18:35:05,208-INFO-39696-55331 - DYLAN DAVIDSON WANG YI RONG _ - Feb 9, 2021 1134 AM - tree 2.2.py was moved to ./labs\lab4\DYLAN_DAVIDSON_WANG_YI_RONG__\39696-55331 - DYLAN DAVIDSON WANG YI RONG _ - Feb 9, 2021 1134 AM - tree 2.2.py
2021-02-20 18:35:05,208-INFO-New directory created at: ./labs\lab4\EMILY_YEO_JIA_HUI__
2021-02-20 18:35:05,209-INFO-38969-55331 - EMILY YEO JIA HUI _ - Feb 10, 2021 1200 AM - Q2.1.py was moved to ./labs\lab4\EMILY_YEO_JIA_HUI__\38969-55331 - EMILY YEO JIA HUI _ - Feb 10, 2021 1200 AM - Q2.1.py
2021-02-20 18:35:05,210-INFO-38969-55331 - EMILY YEO JIA HUI _ - Feb 10, 2021 1200 AM - Q3.1.py was moved to ./labs\lab4\EMILY_YEO_JIA_HUI__\38969-55331 - EMILY YEO JIA HUI _ - Feb 10, 2021 1200 AM - Q3.1.py
2021-02-20 18:35:05,211-INFO-38969-55331 - EMILY YEO JIA HUI _ - Feb 10, 2021 1200 AM - Q3.2.py was moved to ./labs\lab4\EMILY_YEO_JIA_HUI__\38969-55331 - EMILY YEO JIA HUI _ - Feb 10, 2021 1200 AM - Q3.2.py
2021-02-20 18:35:05,211-INFO-New directory created at: ./labs\lab4\CHUA_YI_DA__
2021-02-20 18:35:05,212-INFO-42602-55331 - CHUA YI DA _ - Feb 8, 2021 1158 PM - q2.1.py was moved to ./labs\lab4\CHUA_YI_DA__\42602-55331 - CHUA YI DA _ - Feb 8, 2021 1158 PM - q2.1.py
2021-02-20 18:35:05,213-INFO-42602-55331 - CHUA YI DA _ - Feb 8, 2021 1158 PM - q2.2.py was moved to ./labs\lab4\CHUA_YI_DA__\42602-55331 - CHUA YI DA _ - Feb 8, 2021 1158 PM - q2.2.py
2021-02-20 18:35:05,214-INFO-42602-55331 - CHUA YI DA _ - Feb 8, 2021 1158 PM - q3.1.py was moved to ./labs\lab4\CHUA_YI_DA__\42602-55331 - CHUA YI DA _ - Feb 8, 2021 1158 PM - q3.1.py
2021-02-20 18:35:05,214-INFO-New directory created at: ./labs\lab4\JESSICA_ANTONIA__
2021-02-20 18:35:05,215-INFO-38866-55331 - JESSICA ANTONIA _ - Feb 8, 2021 355 PM - lab-04-Qn2.1.py was moved to ./labs\lab4\JESSICA_ANTONIA__\38866-55331 - JESSICA ANTONIA _ - Feb 8, 2021 355 PM - lab-04-Qn2.1.py
2021-02-20 18:35:05,216-INFO-38866-55331 - JESSICA ANTONIA _ - Feb 8, 2021 355 PM - lab-04-Qn2.2.py was moved to ./labs\lab4\JESSICA_ANTONIA__\38866-55331 - JESSICA ANTONIA _ - Feb 8, 2021 355 PM - lab-04-Qn2.2.py
2021-02-20 18:35:05,217-INFO-38866-55331 - JESSICA ANTONIA _ - Feb 8, 2021 355 PM - lab-04-Qn3.1.py was moved to ./labs\lab4\JESSICA_ANTONIA__\38866-55331 - JESSICA ANTONIA _ - Feb 8, 2021 355 PM - lab-04-Qn3.1.py
2021-02-20 18:35:05,217-INFO-New directory created at: ./labs\lab4\KEVIN_CHIN_KAI_WEN__
2021-02-20 18:35:05,218-INFO-36237-55331 - KEVIN CHIN KAI WEN _ - Feb 9, 2021 1126 PM - Q2.1.py was moved to ./labs\lab4\KEVIN_CHIN_KAI_WEN__\36237-55331 - KEVIN CHIN KAI WEN _ - Feb 9, 2021 1126 PM - Q2.1.py
2021-02-20 18:35:05,219-INFO-36237-55331 - KEVIN CHIN KAI WEN _ - Feb 9, 2021 1126 PM - Q2.2.py was moved to ./labs\lab4\KEVIN_CHIN_KAI_WEN__\36237-55331 - KEVIN CHIN KAI WEN _ - Feb 9, 2021 1126 PM - Q2.2.py
2021-02-20 18:35:05,219-INFO-36237-55331 - KEVIN CHIN KAI WEN _ - Feb 9, 2021 1126 PM - Q3.1.py was moved to ./labs\lab4\KEVIN_CHIN_KAI_WEN__\36237-55331 - KEVIN CHIN KAI WEN _ - Feb 9, 2021 1126 PM - Q3.1.py
2021-02-20 18:35:05,220-INFO-New directory created at: ./labs\lab4\EUGENE_WONG_WEI_HUAN__
2021-02-20 18:35:05,220-INFO-43864-55331 - EUGENE WONG WEI HUAN _ - Feb 7, 2021 428 PM - Lab4Q2.1.py was moved to ./labs\lab4\EUGENE_WONG_WEI_HUAN__\43864-55331 - EUGENE WONG WEI HUAN _ - Feb 7, 2021 428 PM - Lab4Q2.1.py
2021-02-20 18:35:05,221-INFO-43864-55331 - EUGENE WONG WEI HUAN _ - Feb 7, 2021 428 PM - Lab4Q2.2.py was moved to ./labs\lab4\EUGENE_WONG_WEI_HUAN__\43864-55331 - EUGENE WONG WEI HUAN _ - Feb 7, 2021 428 PM - Lab4Q2.2.py
2021-02-20 18:35:05,222-INFO-43864-55331 - EUGENE WONG WEI HUAN _ - Feb 7, 2021 428 PM - Lab4Q3.1.py was moved to ./labs\lab4\EUGENE_WONG_WEI_HUAN__\43864-55331 - EUGENE WONG WEI HUAN _ - Feb 7, 2021 428 PM - Lab4Q3.1.py
2021-02-20 18:35:05,223-INFO-New directory created at: ./labs\lab4\ARYAMAN_HARISH_BELGAUMKAR__
2021-02-20 18:35:05,224-INFO-52229-55331 - ARYAMAN HARISH BELGAUMKAR _ - Feb 9, 2021 1005 PM - 2.1.pass_iipt.py was moved to ./labs\lab4\ARYAMAN_HARISH_BELGAUMKAR__\52229-55331 - ARYAMAN HARISH BELGAUMKAR _ - Feb 9, 2021 1005 PM - 2.1.pass_iipt.py
2021-02-20 18:35:05,225-INFO-52229-55331 - ARYAMAN HARISH BELGAUMKAR _ - Feb 9, 2021 1005 PM - 2.2row_of_lights.py was moved to ./labs\lab4\ARYAMAN_HARISH_BELGAUMKAR__\52229-55331 - ARYAMAN HARISH BELGAUMKAR _ - Feb 9, 2021 1005 PM - 2.2row_of_lights.py
2021-02-20 18:35:05,226-INFO-52229-55331 - ARYAMAN HARISH BELGAUMKAR _ - Feb 9, 2021 1005 PM - LAB3.CAESAR 3.1.py was moved to ./labs\lab4\ARYAMAN_HARISH_BELGAUMKAR__\52229-55331 - ARYAMAN HARISH BELGAUMKAR _ - Feb 9, 2021 1005 PM - LAB3.CAESAR 3.1.py
2021-02-20 18:35:05,245-INFO-{
    "ASTON_KOH_ZHEN_YANG__": [
        "43989-55331 - ASTON KOH ZHEN YANG _ - Feb 9, 2021 317 PM - Homework4 2_1.py",
        "43989-55331 - ASTON KOH ZHEN YANG _ - Feb 9, 2021 317 PM - Homework4 2_2.py",
        "43989-55331 - ASTON KOH ZHEN YANG _ - Feb 9, 2021 317 PM - Homework4 3_1.py"
    ],
    "CHEN_HSUAN_JU__": [
        "45355-55331 - CHEN HSUAN JU _ - Feb 7, 2021 744 PM - lab 4_Q1.1.py",
        "45355-55331 - CHEN HSUAN JU _ - Feb 7, 2021 744 PM - lab 4_Q1.2.py",
        "45355-55331 - CHEN HSUAN JU _ - Feb 7, 2021 744 PM - lab 4_Q1.3.py"
    ],
    "DYLAN_DAVIDSON_WANG_YI_RONG__": [
        "39696-55331 - DYLAN DAVIDSON WANG YI RONG _ - Feb 9, 2021 1134 AM - email.py",
        "39696-55331 - DYLAN DAVIDSON WANG YI RONG _ - Feb 9, 2021 1134 AM - hur.py",
        "39696-55331 - DYLAN DAVIDSON WANG YI RONG _ - Feb 9, 2021 1134 AM - quad.py"
    ],
    "EMILY_YEO_JIA_HUI__": [
        "38969-55331 - EMILY YEO JIA HUI _ - Feb 10, 2021 1200 AM - Q3.2.py"
    ],
    "GAN_YI_HUI__": [
        "38362-55331 - GAN YI HUI _ - Feb 16, 2021 1112 PM - IS111 Lab Exercise 04 - G1 - Q1.1 - Gan Yi Hui.py",
        "38362-55331 - GAN YI HUI _ - Feb 16, 2021 1112 PM - IS111 Lab Exercise 04 - G1 - Q1.2 - Gan Yi Hui.py"
    ],
    "KOO_JING_YONG__": [
        "39936-55331 - KOO JING YONG _ - Feb 8, 2021 927 PM - Lab4qn1.py"
    ]
}
2021-02-20 18:35:05,245-INFO-Displayed files to be renamed.
2021-02-20 18:35:36,159-INFO-User entered 'n'
2021-02-20 18:35:36,159-INFO-User cancelled the process. Exiting...
2021-02-20 18:35:37,894-INFO-Process Start.
2021-02-20 18:35:37,897-INFO-{
    "CHEN_HSUAN_JU__": [
        "45355-55331 - CHEN HSUAN JU _ - Feb 7, 2021 744 PM - lab 4_Q1.1.py",
        "45355-55331 - CHEN HSUAN JU _ - Feb 7, 2021 744 PM - lab 4_Q1.2.py",
        "45355-55331 - CHEN HSUAN JU _ - Feb 7, 2021 744 PM - lab 4_Q1.3.py"
    ],
    "DYLAN_DAVIDSON_WANG_YI_RONG__": [
        "39696-55331 - DYLAN DAVIDSON WANG YI RONG _ - Feb 9, 2021 1134 AM - email.py",
        "39696-55331 - DYLAN DAVIDSON WANG YI RONG _ - Feb 9, 2021 1134 AM - hur.py",
        "39696-55331 - DYLAN DAVIDSON WANG YI RONG _ - Feb 9, 2021 1134 AM - quad.py"
    ],
    "EMILY_YEO_JIA_HUI__": [
        "38969-55331 - EMILY YEO JIA HUI _ - Feb 10, 2021 1200 AM - Q3.2.py"
    ],
    "GAN_YI_HUI__": [
        "38362-55331 - GAN YI HUI _ - Feb 16, 2021 1112 PM - IS111 Lab Exercise 04 - G1 - Q1.1 - Gan Yi Hui.py",
        "38362-55331 - GAN YI HUI _ - Feb 16, 2021 1112 PM - IS111 Lab Exercise 04 - G1 - Q1.2 - Gan Yi Hui.py"
    ],
    "KOO_JING_YONG__": [
        "39936-55331 - KOO JING YONG _ - Feb 8, 2021 927 PM - Lab4qn1.py"
    ]
}
2021-02-20 18:35:37,897-INFO-Displayed files to be renamed.
2021-02-20 18:35:38,993-INFO-User entered 'y'
2021-02-20 18:35:38,993-INFO-Marking q2_1.py for ANDREW_CAI_ZECHEN__ now.
2021-02-20 18:35:38,995-INFO-Added the '-original' tag to this solution.
2021-02-20 18:35:38,996-INFO-Created copies without print() and input().
2021-02-20 18:35:39,002-INFO-Marking q2_2.py for ANDREW_CAI_ZECHEN__ now.
2021-02-20 18:35:39,003-INFO-Added the '-original' tag to this solution.
2021-02-20 18:35:39,005-INFO-Created copies without print() and input().
2021-02-20 18:35:39,008-INFO-Marking q3_1.py for ANDREW_CAI_ZECHEN__ now.
2021-02-20 18:35:39,009-INFO-Added the '-original' tag to this solution.
2021-02-20 18:35:39,020-INFO-Created copies without print() and input().
2021-02-20 18:35:39,024-INFO-Marking q2_1.py for ARYAMAN_HARISH_BELGAUMKAR__ now.
2021-02-20 18:35:39,025-INFO-Added the '-original' tag to this solution.
2021-02-20 18:35:39,026-INFO-Created copies without print() and input().
2021-02-20 18:35:39,030-INFO-Marking q2_2.py for ARYAMAN_HARISH_BELGAUMKAR__ now.
2021-02-20 18:35:39,033-WARNING-Error detected: Unable to import question function. The function name is probably wrong.
2021-02-20 18:35:39,033-WARNING-cannot import name 'calculate_rows_of_lights' from 'labs.lab4.ARYAMAN_HARISH_BELGAUMKAR__.q2_2' (c:\Users\yaoyi\Documents\GitHub\is111-automated-marking\labs\lab4\ARYAMAN_HARISH_BELGAUMKAR__\q2_2.py)
2021-02-20 18:35:39,033-INFO-Marking q3_1.py for ARYAMAN_HARISH_BELGAUMKAR__ now.
2021-02-20 18:35:39,035-WARNING-Error detected: Unable to import question function. The function name is probably wrong.
2021-02-20 18:35:39,035-WARNING-invalid syntax (q3_1.py, line 14)
2021-02-20 18:35:39,036-INFO-Marking q2_1.py for ASTON_KOH_ZHEN_YANG__ now.
2021-02-20 18:35:39,036-INFO-Added the '-original' tag to this solution.
2021-02-20 18:35:39,037-INFO-Created copies without print() and input().
2021-02-20 18:35:39,041-INFO-Marking q2_2.py for ASTON_KOH_ZHEN_YANG__ now.
2021-02-20 18:35:39,059-INFO-Added the '-original' tag to this solution.
2021-02-20 18:35:39,060-INFO-Created copies without print() and input().
2021-02-20 18:35:39,063-INFO-Marking q3_1.py for ASTON_KOH_ZHEN_YANG__ now.
2021-02-20 18:35:39,063-INFO-Added the '-original' tag to this solution.
2021-02-20 18:35:39,065-INFO-Created copies without print() and input().
2021-02-20 18:35:39,068-INFO-Marking q2_1.py for BRYAN_MATTHEW_ANTONIUS__ now.
2021-02-20 18:35:39,079-INFO-Added the '-original' tag to this solution.
2021-02-20 18:35:39,080-INFO-Created copies without print() and input().
2021-02-20 18:35:39,084-INFO-Marking q2_2.py for BRYAN_MATTHEW_ANTONIUS__ now.
2021-02-20 18:35:39,085-INFO-Added the '-original' tag to this solution.
2021-02-20 18:35:39,086-INFO-Created copies without print() and input().
2021-02-20 18:35:39,089-INFO-Marking q3_1.py for BRYAN_MATTHEW_ANTONIUS__ now.
2021-02-20 18:35:39,090-INFO-Added the '-original' tag to this solution.
2021-02-20 18:35:39,091-INFO-Created copies without print() and input().
2021-02-20 18:35:39,094-INFO-Marking q2_1.py for CHEN_HSUAN_JU__ now.
2021-02-20 18:35:39,095-INFO-Added the '-original' tag to this solution.
2021-02-20 18:35:39,096-INFO-Created copies without print() and input().
2021-02-20 18:35:39,115-INFO-Marking q2_2.py for CHEN_HSUAN_JU__ now.
2021-02-20 18:35:39,134-INFO-Added the '-original' tag to this solution.
2021-02-20 18:35:39,135-INFO-Created copies without print() and input().
2021-02-20 18:35:39,138-INFO-Marking q2_1.py for CHUA_YI_DA__ now.
2021-02-20 18:35:39,139-INFO-Added the '-original' tag to this solution.
2021-02-20 18:35:39,140-INFO-Created copies without print() and input().
2021-02-20 18:35:39,144-INFO-Marking q2_2.py for CHUA_YI_DA__ now.
2021-02-20 18:35:39,145-INFO-Added the '-original' tag to this solution.
2021-02-20 18:35:39,146-INFO-Created copies without print() and input().
2021-02-20 18:35:39,148-INFO-Marking q3_1.py for CHUA_YI_DA__ now.
2021-02-20 18:35:39,150-INFO-Added the '-original' tag to this solution.
2021-02-20 18:35:39,151-INFO-Created copies without print() and input().
2021-02-20 18:35:39,154-INFO-Marking q2_1.py for DYLAN_DAVIDSON_WANG_YI_RONG__ now.
2021-02-20 18:35:39,155-INFO-Added the '-original' tag to this solution.
2021-02-20 18:35:39,156-INFO-Created copies without print() and input().
2021-02-20 18:35:39,160-INFO-Marking q2_2.py for DYLAN_DAVIDSON_WANG_YI_RONG__ now.
2021-02-20 18:35:39,161-INFO-Added the '-original' tag to this solution.
2021-02-20 18:35:39,162-INFO-Created copies without print() and input().
2021-02-20 18:35:39,165-INFO-Marking q2_1.py for EMILY_YEO_JIA_HUI__ now.
2021-02-20 18:35:39,166-INFO-Added the '-original' tag to this solution.
2021-02-20 18:35:39,167-INFO-Created copies without print() and input().
2021-02-20 18:35:39,179-WARNING-Error detected: Unable to import question function. The function name is probably wrong.
2021-02-20 18:35:39,179-WARNING-name 'level' is not defined
2021-02-20 18:35:39,179-INFO-Marking q3_1.py for EMILY_YEO_JIA_HUI__ now.
2021-02-20 18:35:39,180-INFO-Added the '-original' tag to this solution.
2021-02-20 18:35:39,181-INFO-Created copies without print() and input().
2021-02-20 18:35:39,198-WARNING-Error detected: Unable to import question function. The function name is probably wrong.
2021-02-20 18:35:39,198-WARNING-name 'y' is not defined
2021-02-20 18:35:39,198-INFO-Marking q2_1.py for EUGENE_WONG_WEI_HUAN__ now.
2021-02-20 18:35:39,200-INFO-Added the '-original' tag to this solution.
2021-02-20 18:35:39,201-INFO-Created copies without print() and input().
2021-02-20 18:35:39,204-INFO-Marking q2_2.py for EUGENE_WONG_WEI_HUAN__ now.
2021-02-20 18:35:39,206-INFO-Added the '-original' tag to this solution.
2021-02-20 18:35:39,206-INFO-Created copies without print() and input().
2021-02-20 18:35:39,213-INFO-Marking q3_1.py for EUGENE_WONG_WEI_HUAN__ now.
2021-02-20 18:35:39,214-INFO-Added the '-original' tag to this solution.
2021-02-20 18:35:39,215-INFO-Created copies without print() and input().
2021-02-20 18:35:39,218-INFO-Marking q2_1.py for GAN_YI_HUI__ now.
2021-02-20 18:35:39,219-INFO-Added the '-original' tag to this solution.
2021-02-20 18:35:39,220-INFO-Created copies without print() and input().
2021-02-20 18:35:39,223-INFO-Marking q2_2.py for GAN_YI_HUI__ now.
2021-02-20 18:35:39,224-INFO-Added the '-original' tag to this solution.
2021-02-20 18:35:39,225-INFO-Created copies without print() and input().
2021-02-20 18:35:39,228-INFO-Marking q3_1.py for GAN_YI_HUI__ now.
2021-02-20 18:35:39,231-INFO-Marking q2_1.py for HENG_SI_KAI__ now.
2021-02-20 18:35:39,232-INFO-Added the '-original' tag to this solution.
2021-02-20 18:35:39,233-INFO-Created copies without print() and input().
2021-02-20 18:35:39,236-INFO-Marking q2_2.py for HENG_SI_KAI__ now.
2021-02-20 18:35:39,237-INFO-Added the '-original' tag to this solution.
2021-02-20 18:35:39,238-INFO-Created copies without print() and input().
2021-02-20 18:35:39,244-INFO-Marking q3_1.py for HENG_SI_KAI__ now.
2021-02-20 18:35:39,246-INFO-Added the '-original' tag to this solution.
2021-02-20 18:35:39,247-INFO-Created copies without print() and input().
2021-02-20 18:35:39,249-INFO-Marking q2_1.py for JESSICA_ANTONIA__ now.
2021-02-20 18:35:39,251-INFO-Added the '-original' tag to this solution.
2021-02-20 18:35:39,251-INFO-Created copies without print() and input().
2021-02-20 18:35:39,255-INFO-Marking q2_2.py for JESSICA_ANTONIA__ now.
2021-02-20 18:35:39,256-INFO-Added the '-original' tag to this solution.
2021-02-20 18:35:39,257-INFO-Created copies without print() and input().
2021-02-20 18:35:39,265-INFO-Marking q3_1.py for JESSICA_ANTONIA__ now.
2021-02-20 18:35:39,267-INFO-Added the '-original' tag to this solution.
2021-02-20 18:35:39,268-INFO-Created copies without print() and input().
2021-02-20 18:35:39,271-INFO-Marking q2_1.py for KEVIN_CHIN_KAI_WEN__ now.
2021-02-20 18:35:39,272-INFO-Added the '-original' tag to this solution.
2021-02-20 18:35:39,273-INFO-Created copies without print() and input().
2021-02-20 18:35:39,276-INFO-Marking q2_2.py for KEVIN_CHIN_KAI_WEN__ now.
2021-02-20 18:35:39,279-INFO-Marking q3_1.py for KEVIN_CHIN_KAI_WEN__ now.
2021-02-20 18:35:39,282-INFO-Marking q2_1.py for KOO_JING_YONG__ now.
2021-02-20 18:35:39,284-INFO-Added the '-original' tag to this solution.
2021-02-20 18:35:39,285-INFO-Created copies without print() and input().
2021-02-20 18:35:39,288-INFO-Marking q2_2.py for KOO_JING_YONG__ now.
2021-02-20 18:35:39,289-INFO-Added the '-original' tag to this solution.
2021-02-20 18:35:39,290-INFO-Created copies without print() and input().
2021-02-20 18:35:39,296-INFO-Marking q3_1.py for KOO_JING_YONG__ now.
2021-02-20 18:35:39,298-INFO-Added the '-original' tag to this solution.
2021-02-20 18:35:39,299-INFO-Created copies without print() and input().
2021-02-20 18:35:39,302-INFO-Report created at ./labs\lab4
2021-02-20 18:35:39,302-INFO-Process ends.
2021-02-20 18:35:39,302-INFO-========================================================================
